c:\users\ceecam\source\git repos\aetl-generator\aetl-generator\libpq-bin\src\pqxx_static.dir\release\statement_parameters.obj
c:\users\ceecam\source\git repos\aetl-generator\aetl-generator\libpq-bin\src\pqxx_static.dir\release\sql_cursor.obj
c:\users\ceecam\source\git repos\aetl-generator\aetl-generator\libpq-bin\src\pqxx_static.dir\release\row.obj
c:\users\ceecam\source\git repos\aetl-generator\aetl-generator\libpq-bin\src\pqxx_static.dir\release\robusttransaction.obj
c:\users\ceecam\source\git repos\aetl-generator\aetl-generator\libpq-bin\src\pqxx_static.dir\release\result.obj
c:\users\ceecam\source\git repos\aetl-generator\aetl-generator\libpq-bin\src\pqxx_static.dir\release\prepared_statement.obj
c:\users\ceecam\source\git repos\aetl-generator\aetl-generator\libpq-bin\src\pqxx_static.dir\release\pipeline.obj
c:\users\ceecam\source\git repos\aetl-generator\aetl-generator\libpq-bin\src\pqxx_static.dir\release\notification.obj
c:\users\ceecam\source\git repos\aetl-generator\aetl-generator\libpq-bin\src\pqxx_static.dir\release\nontransaction.obj
c:\users\ceecam\source\git repos\aetl-generator\aetl-generator\libpq-bin\src\pqxx_static.dir\release\largeobject.obj
c:\users\ceecam\source\git repos\aetl-generator\aetl-generator\libpq-bin\src\pqxx_static.dir\release\field.obj
c:\users\ceecam\source\git repos\aetl-generator\aetl-generator\libpq-bin\src\pqxx_static.dir\release\except.obj
c:\users\ceecam\source\git repos\aetl-generator\aetl-generator\libpq-bin\src\pqxx_static.dir\release\errorhandler.obj
c:\users\ceecam\source\git repos\aetl-generator\aetl-generator\libpq-bin\src\pqxx_static.dir\release\encodings.obj
c:\users\ceecam\source\git repos\aetl-generator\aetl-generator\libpq-bin\src\pqxx_static.dir\release\dbtransaction.obj
c:\users\ceecam\source\git repos\aetl-generator\aetl-generator\libpq-bin\src\pqxx_static.dir\release\cursor.obj
c:\users\ceecam\source\git repos\aetl-generator\aetl-generator\libpq-bin\src\pqxx_static.dir\release\connection_base.obj
c:\users\ceecam\source\git repos\aetl-generator\aetl-generator\libpq-bin\src\pqxx_static.dir\release\connection.obj
c:\users\ceecam\source\git repos\aetl-generator\aetl-generator\libpq-bin\src\pqxx_static.dir\release\binarystring.obj
c:\users\ceecam\source\git repos\aetl-generator\aetl-generator\libpq-bin\src\pqxx_static.dir\release\array.obj
c:\users\ceecam\source\git repos\aetl-generator\aetl-generator\libpq-bin\src\pqxx_static.dir\release\version.obj
c:\users\ceecam\source\git repos\aetl-generator\aetl-generator\libpq-bin\src\pqxx_static.dir\release\util.obj
c:\users\ceecam\source\git repos\aetl-generator\aetl-generator\libpq-bin\src\pqxx_static.dir\release\transaction_base.obj
c:\users\ceecam\source\git repos\aetl-generator\aetl-generator\libpq-bin\src\pqxx_static.dir\release\transaction.obj
c:\users\ceecam\source\git repos\aetl-generator\aetl-generator\libpq-bin\src\pqxx_static.dir\release\tablewriter.obj
c:\users\ceecam\source\git repos\aetl-generator\aetl-generator\libpq-bin\src\pqxx_static.dir\release\tablestream.obj
c:\users\ceecam\source\git repos\aetl-generator\aetl-generator\libpq-bin\src\pqxx_static.dir\release\tablereader.obj
c:\users\ceecam\source\git repos\aetl-generator\aetl-generator\libpq-bin\src\pqxx_static.dir\release\subtransaction.obj
c:\users\ceecam\source\git repos\aetl-generator\aetl-generator\libpq-bin\src\pqxx_static.dir\release\stream_to.obj
c:\users\ceecam\source\git repos\aetl-generator\aetl-generator\libpq-bin\src\pqxx_static.dir\release\stream_from.obj
c:\users\ceecam\source\git repos\aetl-generator\aetl-generator\libpq-bin\src\pqxx_static.dir\release\stream_base.obj
c:\users\ceecam\source\git repos\aetl-generator\aetl-generator\libpq-bin\src\pqxx_static.dir\release\strconv.obj
c:\users\ceecam\source\git repos\aetl-generator\aetl-generator\libpq-bin\src\cmakefiles\generate.stamp
c:\users\ceecam\source\git repos\aetl-generator\aetl-generator\libpq-bin\src\release\pqxx.lib
c:\users\ceecam\source\git repos\aetl-generator\aetl-generator\libpq-bin\src\pqxx_static.dir\release\pqxx_static.tlog\cl.command.1.tlog
c:\users\ceecam\source\git repos\aetl-generator\aetl-generator\libpq-bin\src\pqxx_static.dir\release\pqxx_static.tlog\cl.read.1.tlog
c:\users\ceecam\source\git repos\aetl-generator\aetl-generator\libpq-bin\src\pqxx_static.dir\release\pqxx_static.tlog\cl.write.1.tlog
c:\users\ceecam\source\git repos\aetl-generator\aetl-generator\libpq-bin\src\pqxx_static.dir\release\pqxx_static.tlog\custombuild.command.1.tlog
c:\users\ceecam\source\git repos\aetl-generator\aetl-generator\libpq-bin\src\pqxx_static.dir\release\pqxx_static.tlog\custombuild.read.1.tlog
c:\users\ceecam\source\git repos\aetl-generator\aetl-generator\libpq-bin\src\pqxx_static.dir\release\pqxx_static.tlog\custombuild.write.1.tlog
c:\users\ceecam\source\git repos\aetl-generator\aetl-generator\libpq-bin\src\pqxx_static.dir\release\pqxx_static.tlog\lib-link.read.1.tlog
c:\users\ceecam\source\git repos\aetl-generator\aetl-generator\libpq-bin\src\pqxx_static.dir\release\pqxx_static.tlog\lib-link.write.1.tlog
c:\users\ceecam\source\git repos\aetl-generator\aetl-generator\libpq-bin\src\pqxx_static.dir\release\pqxx_static.tlog\lib.command.1.tlog
