c:\users\ceecam\source\git repos\aetl-generator\aetl-generator\libpq-bin\src\pqxx_static.dir\debug\pqxx_static.pdb
c:\users\ceecam\source\git repos\aetl-generator\aetl-generator\libpq-bin\src\pqxx_static.dir\debug\statement_parameters.obj
c:\users\ceecam\source\git repos\aetl-generator\aetl-generator\libpq-bin\src\pqxx_static.dir\debug\sql_cursor.obj
c:\users\ceecam\source\git repos\aetl-generator\aetl-generator\libpq-bin\src\pqxx_static.dir\debug\row.obj
c:\users\ceecam\source\git repos\aetl-generator\aetl-generator\libpq-bin\src\pqxx_static.dir\debug\robusttransaction.obj
c:\users\ceecam\source\git repos\aetl-generator\aetl-generator\libpq-bin\src\pqxx_static.dir\debug\result.obj
c:\users\ceecam\source\git repos\aetl-generator\aetl-generator\libpq-bin\src\pqxx_static.dir\debug\prepared_statement.obj
c:\users\ceecam\source\git repos\aetl-generator\aetl-generator\libpq-bin\src\pqxx_static.dir\debug\pipeline.obj
c:\users\ceecam\source\git repos\aetl-generator\aetl-generator\libpq-bin\src\pqxx_static.dir\debug\notification.obj
c:\users\ceecam\source\git repos\aetl-generator\aetl-generator\libpq-bin\src\pqxx_static.dir\debug\nontransaction.obj
c:\users\ceecam\source\git repos\aetl-generator\aetl-generator\libpq-bin\src\pqxx_static.dir\debug\largeobject.obj
c:\users\ceecam\source\git repos\aetl-generator\aetl-generator\libpq-bin\src\pqxx_static.dir\debug\field.obj
c:\users\ceecam\source\git repos\aetl-generator\aetl-generator\libpq-bin\src\pqxx_static.dir\debug\except.obj
c:\users\ceecam\source\git repos\aetl-generator\aetl-generator\libpq-bin\src\pqxx_static.dir\debug\errorhandler.obj
c:\users\ceecam\source\git repos\aetl-generator\aetl-generator\libpq-bin\src\pqxx_static.dir\debug\encodings.obj
c:\users\ceecam\source\git repos\aetl-generator\aetl-generator\libpq-bin\src\pqxx_static.dir\debug\dbtransaction.obj
c:\users\ceecam\source\git repos\aetl-generator\aetl-generator\libpq-bin\src\pqxx_static.dir\debug\cursor.obj
c:\users\ceecam\source\git repos\aetl-generator\aetl-generator\libpq-bin\src\pqxx_static.dir\debug\connection_base.obj
c:\users\ceecam\source\git repos\aetl-generator\aetl-generator\libpq-bin\src\pqxx_static.dir\debug\connection.obj
c:\users\ceecam\source\git repos\aetl-generator\aetl-generator\libpq-bin\src\pqxx_static.dir\debug\binarystring.obj
c:\users\ceecam\source\git repos\aetl-generator\aetl-generator\libpq-bin\src\pqxx_static.dir\debug\array.obj
c:\users\ceecam\source\git repos\aetl-generator\aetl-generator\libpq-bin\src\pqxx_static.dir\debug\version.obj
c:\users\ceecam\source\git repos\aetl-generator\aetl-generator\libpq-bin\src\pqxx_static.dir\debug\util.obj
c:\users\ceecam\source\git repos\aetl-generator\aetl-generator\libpq-bin\src\pqxx_static.dir\debug\transaction_base.obj
c:\users\ceecam\source\git repos\aetl-generator\aetl-generator\libpq-bin\src\pqxx_static.dir\debug\transaction.obj
c:\users\ceecam\source\git repos\aetl-generator\aetl-generator\libpq-bin\src\pqxx_static.dir\debug\tablewriter.obj
c:\users\ceecam\source\git repos\aetl-generator\aetl-generator\libpq-bin\src\pqxx_static.dir\debug\tablestream.obj
c:\users\ceecam\source\git repos\aetl-generator\aetl-generator\libpq-bin\src\pqxx_static.dir\debug\tablereader.obj
c:\users\ceecam\source\git repos\aetl-generator\aetl-generator\libpq-bin\src\pqxx_static.dir\debug\subtransaction.obj
c:\users\ceecam\source\git repos\aetl-generator\aetl-generator\libpq-bin\src\pqxx_static.dir\debug\stream_to.obj
c:\users\ceecam\source\git repos\aetl-generator\aetl-generator\libpq-bin\src\pqxx_static.dir\debug\stream_from.obj
c:\users\ceecam\source\git repos\aetl-generator\aetl-generator\libpq-bin\src\pqxx_static.dir\debug\stream_base.obj
c:\users\ceecam\source\git repos\aetl-generator\aetl-generator\libpq-bin\src\pqxx_static.dir\debug\strconv.obj
c:\users\ceecam\source\git repos\aetl-generator\aetl-generator\libpq-bin\src\cmakefiles\generate.stamp
c:\users\ceecam\source\git repos\aetl-generator\aetl-generator\libpq-bin\src\debug\pqxx.lib
c:\users\ceecam\source\git repos\aetl-generator\aetl-generator\libpq-bin\src\pqxx_static.dir\debug\pqxx_static.tlog\cl.command.1.tlog
c:\users\ceecam\source\git repos\aetl-generator\aetl-generator\libpq-bin\src\pqxx_static.dir\debug\pqxx_static.tlog\cl.read.1.tlog
c:\users\ceecam\source\git repos\aetl-generator\aetl-generator\libpq-bin\src\pqxx_static.dir\debug\pqxx_static.tlog\cl.write.1.tlog
c:\users\ceecam\source\git repos\aetl-generator\aetl-generator\libpq-bin\src\pqxx_static.dir\debug\pqxx_static.tlog\custombuild.command.1.tlog
c:\users\ceecam\source\git repos\aetl-generator\aetl-generator\libpq-bin\src\pqxx_static.dir\debug\pqxx_static.tlog\custombuild.read.1.tlog
c:\users\ceecam\source\git repos\aetl-generator\aetl-generator\libpq-bin\src\pqxx_static.dir\debug\pqxx_static.tlog\custombuild.write.1.tlog
c:\users\ceecam\source\git repos\aetl-generator\aetl-generator\libpq-bin\src\pqxx_static.dir\debug\pqxx_static.tlog\lib-link.read.1.tlog
c:\users\ceecam\source\git repos\aetl-generator\aetl-generator\libpq-bin\src\pqxx_static.dir\debug\pqxx_static.tlog\lib-link.write.1.tlog
c:\users\ceecam\source\git repos\aetl-generator\aetl-generator\libpq-bin\src\pqxx_static.dir\debug\pqxx_static.tlog\lib.command.1.tlog
