c:\users\ceecam\source\git repos\aetl-generator\aetl-generator\libpq-bin\src\pqxx_shared.dir\debug\vc142.pdb
c:\users\ceecam\source\git repos\aetl-generator\aetl-generator\libpq-bin\src\pqxx_shared.dir\debug\statement_parameters.obj
c:\users\ceecam\source\git repos\aetl-generator\aetl-generator\libpq-bin\src\pqxx_shared.dir\debug\sql_cursor.obj
c:\users\ceecam\source\git repos\aetl-generator\aetl-generator\libpq-bin\src\pqxx_shared.dir\debug\row.obj
c:\users\ceecam\source\git repos\aetl-generator\aetl-generator\libpq-bin\src\pqxx_shared.dir\debug\robusttransaction.obj
c:\users\ceecam\source\git repos\aetl-generator\aetl-generator\libpq-bin\src\pqxx_shared.dir\debug\result.obj
c:\users\ceecam\source\git repos\aetl-generator\aetl-generator\libpq-bin\src\pqxx_shared.dir\debug\prepared_statement.obj
c:\users\ceecam\source\git repos\aetl-generator\aetl-generator\libpq-bin\src\pqxx_shared.dir\debug\pipeline.obj
c:\users\ceecam\source\git repos\aetl-generator\aetl-generator\libpq-bin\src\pqxx_shared.dir\debug\notification.obj
c:\users\ceecam\source\git repos\aetl-generator\aetl-generator\libpq-bin\src\pqxx_shared.dir\debug\nontransaction.obj
c:\users\ceecam\source\git repos\aetl-generator\aetl-generator\libpq-bin\src\pqxx_shared.dir\debug\largeobject.obj
c:\users\ceecam\source\git repos\aetl-generator\aetl-generator\libpq-bin\src\pqxx_shared.dir\debug\field.obj
c:\users\ceecam\source\git repos\aetl-generator\aetl-generator\libpq-bin\src\pqxx_shared.dir\debug\except.obj
c:\users\ceecam\source\git repos\aetl-generator\aetl-generator\libpq-bin\src\pqxx_shared.dir\debug\errorhandler.obj
c:\users\ceecam\source\git repos\aetl-generator\aetl-generator\libpq-bin\src\pqxx_shared.dir\debug\encodings.obj
c:\users\ceecam\source\git repos\aetl-generator\aetl-generator\libpq-bin\src\pqxx_shared.dir\debug\dbtransaction.obj
c:\users\ceecam\source\git repos\aetl-generator\aetl-generator\libpq-bin\src\pqxx_shared.dir\debug\cursor.obj
c:\users\ceecam\source\git repos\aetl-generator\aetl-generator\libpq-bin\src\pqxx_shared.dir\debug\connection_base.obj
c:\users\ceecam\source\git repos\aetl-generator\aetl-generator\libpq-bin\src\pqxx_shared.dir\debug\connection.obj
c:\users\ceecam\source\git repos\aetl-generator\aetl-generator\libpq-bin\src\pqxx_shared.dir\debug\binarystring.obj
c:\users\ceecam\source\git repos\aetl-generator\aetl-generator\libpq-bin\src\pqxx_shared.dir\debug\array.obj
c:\users\ceecam\source\git repos\aetl-generator\aetl-generator\libpq-bin\src\pqxx_shared.dir\debug\libpqxx.obj
c:\users\ceecam\source\git repos\aetl-generator\aetl-generator\libpq-bin\src\pqxx_shared.dir\debug\version.obj
c:\users\ceecam\source\git repos\aetl-generator\aetl-generator\libpq-bin\src\pqxx_shared.dir\debug\util.obj
c:\users\ceecam\source\git repos\aetl-generator\aetl-generator\libpq-bin\src\pqxx_shared.dir\debug\transaction_base.obj
c:\users\ceecam\source\git repos\aetl-generator\aetl-generator\libpq-bin\src\pqxx_shared.dir\debug\transaction.obj
c:\users\ceecam\source\git repos\aetl-generator\aetl-generator\libpq-bin\src\pqxx_shared.dir\debug\tablewriter.obj
c:\users\ceecam\source\git repos\aetl-generator\aetl-generator\libpq-bin\src\pqxx_shared.dir\debug\tablestream.obj
c:\users\ceecam\source\git repos\aetl-generator\aetl-generator\libpq-bin\src\pqxx_shared.dir\debug\tablereader.obj
c:\users\ceecam\source\git repos\aetl-generator\aetl-generator\libpq-bin\src\pqxx_shared.dir\debug\subtransaction.obj
c:\users\ceecam\source\git repos\aetl-generator\aetl-generator\libpq-bin\src\pqxx_shared.dir\debug\stream_to.obj
c:\users\ceecam\source\git repos\aetl-generator\aetl-generator\libpq-bin\src\pqxx_shared.dir\debug\stream_from.obj
c:\users\ceecam\source\git repos\aetl-generator\aetl-generator\libpq-bin\src\pqxx_shared.dir\debug\stream_base.obj
c:\users\ceecam\source\git repos\aetl-generator\aetl-generator\libpq-bin\src\pqxx_shared.dir\debug\strconv.obj
c:\users\ceecam\source\git repos\aetl-generator\aetl-generator\libpq-bin\src\cmakefiles\generate.stamp
c:\users\ceecam\source\git repos\aetl-generator\aetl-generator\libpq-bin\src\debug\pqxx.ilk
c:\users\ceecam\source\git repos\aetl-generator\aetl-generator\libpq-bin\src\debug\pqxx.dll
c:\users\ceecam\source\git repos\aetl-generator\aetl-generator\libpq-bin\src\debug\pqxx.pdb
c:\users\ceecam\source\git repos\aetl-generator\aetl-generator\libpq-bin\src\debug\pqxx.lib
c:\users\ceecam\source\git repos\aetl-generator\aetl-generator\libpq-bin\src\debug\pqxx.exp
c:\users\ceecam\source\git repos\aetl-generator\aetl-generator\libpq-bin\src\pqxx_shared.dir\debug\pqxx_shared.tlog\cl.command.1.tlog
c:\users\ceecam\source\git repos\aetl-generator\aetl-generator\libpq-bin\src\pqxx_shared.dir\debug\pqxx_shared.tlog\cl.read.1.tlog
c:\users\ceecam\source\git repos\aetl-generator\aetl-generator\libpq-bin\src\pqxx_shared.dir\debug\pqxx_shared.tlog\cl.write.1.tlog
c:\users\ceecam\source\git repos\aetl-generator\aetl-generator\libpq-bin\src\pqxx_shared.dir\debug\pqxx_shared.tlog\custombuild.command.1.tlog
c:\users\ceecam\source\git repos\aetl-generator\aetl-generator\libpq-bin\src\pqxx_shared.dir\debug\pqxx_shared.tlog\custombuild.read.1.tlog
c:\users\ceecam\source\git repos\aetl-generator\aetl-generator\libpq-bin\src\pqxx_shared.dir\debug\pqxx_shared.tlog\custombuild.write.1.tlog
c:\users\ceecam\source\git repos\aetl-generator\aetl-generator\libpq-bin\src\pqxx_shared.dir\debug\pqxx_shared.tlog\link.command.1.tlog
c:\users\ceecam\source\git repos\aetl-generator\aetl-generator\libpq-bin\src\pqxx_shared.dir\debug\pqxx_shared.tlog\link.delete.1.tlog
c:\users\ceecam\source\git repos\aetl-generator\aetl-generator\libpq-bin\src\pqxx_shared.dir\debug\pqxx_shared.tlog\link.read.1.tlog
c:\users\ceecam\source\git repos\aetl-generator\aetl-generator\libpq-bin\src\pqxx_shared.dir\debug\pqxx_shared.tlog\link.write.1.tlog
c:\users\ceecam\source\git repos\aetl-generator\aetl-generator\libpq-bin\src\pqxx_shared.dir\debug\pqxx_shared.tlog\pqxx_shared.write.1u.tlog
